2025-10-25 13:07:14,336 - INFO - Connecting to 91.108.56.175:443/TcpFull...
2025-10-25 13:07:14,452 - INFO - Connection to 91.108.56.175:443/TcpFull complete!
2025-10-25 13:07:16,706 - INFO - Added job "check_and_kick_users" to job store "default"
2025-10-25 13:07:17,721 - INFO - Webhook set response: {'ok': True, 'result': True, 'description': 'Webhook was set'}
2025-10-25 13:07:22,834 - INFO - Disconnecting from 91.108.56.175:443/TcpFull...
2025-10-25 13:07:22,835 - INFO - Disconnection from 91.108.56.175:443/TcpFull complete!
2025-10-25 13:07:23,888 - INFO - Webhook delete response: {'ok': True, 'result': True, 'description': 'Webhook was deleted'}
2025-10-25 13:07:30,086 - INFO - Scheduler started
2025-10-25 13:07:30,432 - INFO - Connecting to 91.108.56.175:443/TcpFull...
2025-10-25 13:07:40,463 - WARNING - Attempt 1 at connecting failed: TimeoutError: 
2025-10-25 13:07:41,589 - INFO - Connection to 91.108.56.175:443/TcpFull complete!
2025-10-25 13:07:43,372 - INFO - Added job "check_and_kick_users" to job store "default"
2025-10-25 13:07:44,492 - INFO - Webhook set response: {'ok': True, 'result': True, 'description': 'Webhook was set'}
2025-10-25 13:07:49,048 - INFO - Scheduler started
2025-10-25 13:07:49,803 - INFO - Connecting to 91.108.56.175:443/TcpFull...
2025-10-25 13:07:49,932 - INFO - Connection to 91.108.56.175:443/TcpFull complete!
2025-10-25 13:07:50,961 - INFO - Added job "check_and_kick_users" to job store "default"
2025-10-25 13:07:52,220 - INFO - Webhook set response: {'ok': True, 'result': True, 'description': 'Webhook is already set'}
2025-10-25 13:08:09,031 - INFO - Disconnecting from 91.108.56.175:443/TcpFull...
2025-10-25 13:08:09,034 - INFO - Disconnection from 91.108.56.175:443/TcpFull complete!
2025-10-25 13:08:11,046 - INFO - Webhook delete response: {'ok': True, 'result': True, 'description': 'Webhook was deleted'}
2025-10-25 13:08:16,526 - INFO - Scheduler started
2025-10-25 13:08:16,869 - INFO - Connecting to 91.108.56.175:443/TcpFull...
2025-10-25 13:08:17,019 - INFO - Connection to 91.108.56.175:443/TcpFull complete!
2025-10-25 13:08:19,412 - INFO - Added job "check_and_kick_users" to job store "default"
2025-10-25 13:08:20,813 - INFO - Webhook set response: {'ok': True, 'result': True, 'description': 'Webhook was set'}
2025-10-25 13:09:09,878 - INFO - Received webhook update: {'update_id': 975866026, 'message': {'message_id': 266, 'from': {'id': 8307332619, 'is_bot': False, 'first_name': 'Azra', 'language_code': 'en'}, 'chat': {'id': -1002669805977, 'title': 'Premium membership', 'type': 'supergroup'}, 'date': 1761377951, 'left_chat_participant': {'id': 8307332619, 'is_bot': False, 'first_name': 'Azra', 'language_code': 'en'}, 'left_chat_member': {'id': 8307332619, 'is_bot': False, 'first_name': 'Azra', 'language_code': 'en'}}}
2025-10-25 13:09:21,001 - INFO - Received webhook update: {'update_id': 975866027, 'chat_join_request': {'chat': {'id': -1002669805977, 'title': 'Premium membership', 'type': 'supergroup'}, 'from': {'id': 8307332619, 'is_bot': False, 'first_name': 'Azra', 'language_code': 'en'}, 'user_chat_id': 8307332619, 'date': 1761377962, 'invite_link': {'invite_link': 'https://t.me/+7wchz8pd9Zg0OTI1', 'creator': {'id': 8258489863, 'is_bot': True, 'first_name': 'omkara_admin', 'username': 'omkara_admin_12_bot'}, 'expire_date': 1761981640, 'pending_join_request_count': 1, 'creates_join_request': True, 'is_primary': False, 'is_revoked': False}}}
2025-10-25 13:09:21,002 - INFO - Join request: chat_id=-1002669805977, user_id=8307332619, invite_link=https://t.me/+7wchz8pd9Zg0OTI1
2025-10-25 13:09:21,008 - INFO - DB entry for invite_link https://t.me/+7wchz8pd9Zg0OTI1: None
2025-10-25 13:09:22,152 - INFO - Decline response: {'ok': True, 'result': True}
2025-10-25 13:09:24,196 - INFO - Sent message to 8307332619: {'ok': True, 'result': {'message_id': 66, 'from': {'id': 8258489863, 'is_bot': True, 'first_name': 'omkara_admin', 'username': 'omkara_admin_12_bot'}, 'chat': {'id': 8307332619, 'first_name': 'Azra', 'type': 'private'}, 'date': 1761377965, 'text': '\u274c This invite link is not for your account. Request declined.'}}
2025-10-25 13:10:23,555 - INFO - Generated invite link: https://t.me/+RDJ5H0NmOww3ZTI1
2025-10-25 13:10:23,570 - INFO - Subscribed user 8112563810 in users_collection
2025-10-25 13:10:23,776 - INFO - Mirrored subscribed user 8112563810 to log_collection
2025-10-25 13:10:26,112 - INFO - Sent message to 8112563810: {'ok': False, 'error_code': 403, 'description': "Forbidden: bot can't initiate conversation with a user"}
2025-10-25 13:10:46,019 - INFO - Received webhook update: {'update_id': 975866028, 'chat_join_request': {'chat': {'id': -1002669805977, 'title': 'Premium membership', 'type': 'supergroup'}, 'from': {'id': 8307332619, 'is_bot': False, 'first_name': 'Azra', 'language_code': 'en'}, 'user_chat_id': 8307332619, 'date': 1761378047, 'invite_link': {'invite_link': 'https://t.me/+RDJ5H0NmOww3ZTI1', 'creator': {'id': 8258489863, 'is_bot': True, 'first_name': 'omkara_admin', 'username': 'omkara_admin_12_bot'}, 'expire_date': 1761982822, 'pending_join_request_count': 1, 'creates_join_request': True, 'is_primary': False, 'is_revoked': False}}}
2025-10-25 13:10:46,020 - INFO - Join request: chat_id=-1002669805977, user_id=8307332619, invite_link=https://t.me/+RDJ5H0NmOww3ZTI1
2025-10-25 13:10:46,022 - INFO - DB entry for invite_link https://t.me/+RDJ5H0NmOww3ZTI1: {'_id': ObjectId('68fc7ee7c09c232083fe36d8'), 'telegram_id': 8112563810, 'expiry_date': datetime.datetime(2025, 10, 26, 13, 10, 23, 561000), 'invite_link': 'https://t.me/+RDJ5H0NmOww3ZTI1', 'joined': False, 'phone': '+917668909150'}
2025-10-25 13:10:47,130 - INFO - Decline response: {'ok': True, 'result': True}
2025-10-25 13:10:48,220 - INFO - Sent message to 8307332619: {'ok': True, 'result': {'message_id': 67, 'from': {'id': 8258489863, 'is_bot': True, 'first_name': 'omkara_admin', 'username': 'omkara_admin_12_bot'}, 'chat': {'id': 8307332619, 'first_name': 'Azra', 'type': 'private'}, 'date': 1761378049, 'text': '\u274c This invite link is not for your account. Request declined.'}}
2025-10-25 13:10:56,836 - INFO - Received webhook update: {'update_id': 975866029, 'chat_join_request': {'chat': {'id': -1002669805977, 'title': 'Premium membership', 'type': 'supergroup'}, 'from': {'id': 8307332619, 'is_bot': False, 'first_name': 'Azra', 'language_code': 'en'}, 'user_chat_id': 8307332619, 'date': 1761378058, 'invite_link': {'invite_link': 'https://t.me/+RDJ5H0NmOww3ZTI1', 'creator': {'id': 8258489863, 'is_bot': True, 'first_name': 'omkara_admin', 'username': 'omkara_admin_12_bot'}, 'expire_date': 1761982822, 'pending_join_request_count': 1, 'creates_join_request': True, 'is_primary': False, 'is_revoked': False}}}
2025-10-25 13:10:56,836 - INFO - Join request: chat_id=-1002669805977, user_id=8307332619, invite_link=https://t.me/+RDJ5H0NmOww3ZTI1
2025-10-25 13:10:56,838 - INFO - DB entry for invite_link https://t.me/+RDJ5H0NmOww3ZTI1: {'_id': ObjectId('68fc7ee7c09c232083fe36d8'), 'telegram_id': 8112563810, 'expiry_date': datetime.datetime(2025, 10, 26, 13, 10, 23, 561000), 'invite_link': 'https://t.me/+RDJ5H0NmOww3ZTI1', 'joined': False, 'phone': '+917668909150'}
2025-10-25 13:10:59,189 - INFO - Decline response: {'ok': True, 'result': True}
2025-10-25 13:11:00,332 - INFO - Sent message to 8307332619: {'ok': True, 'result': {'message_id': 68, 'from': {'id': 8258489863, 'is_bot': True, 'first_name': 'omkara_admin', 'username': 'omkara_admin_12_bot'}, 'chat': {'id': 8307332619, 'first_name': 'Azra', 'type': 'private'}, 'date': 1761378062, 'text': '\u274c This invite link is not for your account. Request declined.'}}
2025-10-25 13:11:23,436 - INFO - Received webhook update: {'update_id': 975866030, 'chat_join_request': {'chat': {'id': -1002669805977, 'title': 'Premium membership', 'type': 'supergroup'}, 'from': {'id': 8112563810, 'is_bot': False, 'first_name': 'Iqra', 'language_code': 'en'}, 'user_chat_id': 8112563810, 'date': 1761378085, 'invite_link': {'invite_link': 'https://t.me/+RDJ5H0NmOww3ZTI1', 'creator': {'id': 8258489863, 'is_bot': True, 'first_name': 'omkara_admin', 'username': 'omkara_admin_12_bot'}, 'expire_date': 1761982822, 'pending_join_request_count': 1, 'creates_join_request': True, 'is_primary': False, 'is_revoked': False}}}
2025-10-25 13:11:23,436 - INFO - Join request: chat_id=-1002669805977, user_id=8112563810, invite_link=https://t.me/+RDJ5H0NmOww3ZTI1
2025-10-25 13:11:23,438 - INFO - DB entry for invite_link https://t.me/+RDJ5H0NmOww3ZTI1: {'_id': ObjectId('68fc7ee7c09c232083fe36d8'), 'telegram_id': 8112563810, 'expiry_date': datetime.datetime(2025, 10, 26, 13, 10, 23, 561000), 'invite_link': 'https://t.me/+RDJ5H0NmOww3ZTI1', 'joined': False, 'phone': '+917668909150'}
2025-10-25 13:11:24,465 - INFO - Approve response: {'ok': True, 'result': True}
2025-10-25 13:11:24,469 - INFO - Marked user 8112563810 as joined in both collections
2025-10-25 13:11:25,445 - INFO - Revoke link response: {'ok': True, 'result': {'invite_link': 'https://t.me/+RDJ5H0NmOww3ZTI1', 'creator': {'id': 8258489863, 'is_bot': True, 'first_name': 'omkara_admin', 'username': 'omkara_admin_12_bot'}, 'expire_date': 1761982822, 'pending_join_request_count': 1, 'creates_join_request': True, 'is_primary': False, 'is_revoked': True}}
2025-10-25 13:11:26,500 - INFO - Sent message to 8112563810: {'ok': False, 'error_code': 403, 'description': "Forbidden: bot can't initiate conversation with a user"}
2025-10-25 13:11:26,707 - INFO - Received webhook update: {'update_id': 975866031, 'message': {'message_id': 267, 'from': {'id': 8112563810, 'is_bot': False, 'first_name': 'Iqra', 'language_code': 'en'}, 'chat': {'id': -1002669805977, 'title': 'Premium membership', 'type': 'supergroup'}, 'date': 1761378086, 'new_chat_participant': {'id': 8112563810, 'is_bot': False, 'first_name': 'Iqra', 'language_code': 'en'}, 'new_chat_member': {'id': 8112563810, 'is_bot': False, 'first_name': 'Iqra', 'language_code': 'en'}, 'new_chat_members': [{'id': 8112563810, 'is_bot': False, 'first_name': 'Iqra', 'language_code': 'en'}]}}
2025-10-25 13:11:42,005 - INFO - Received webhook update: {'update_id': 975866032, 'message': {'message_id': 268, 'from': {'id': 8112563810, 'is_bot': False, 'first_name': 'Iqra', 'language_code': 'en'}, 'chat': {'id': -1002669805977, 'title': 'Premium membership', 'type': 'supergroup'}, 'date': 1761378103, 'text': 'Hi'}}
2025-10-25 13:12:17,465 - INFO - Kick response for 8112563810: {'ok': True, 'result': True}
2025-10-25 13:12:17,590 - INFO - Received webhook update: {'update_id': 975866033, 'message': {'message_id': 269, 'from': {'id': 8258489863, 'is_bot': True, 'first_name': 'omkara_admin', 'username': 'omkara_admin_12_bot'}, 'chat': {'id': -1002669805977, 'title': 'Premium membership', 'type': 'supergroup'}, 'date': 1761378139, 'left_chat_participant': {'id': 8112563810, 'is_bot': False, 'first_name': 'Iqra', 'language_code': 'en'}, 'left_chat_member': {'id': 8112563810, 'is_bot': False, 'first_name': 'Iqra', 'language_code': 'en'}}}
2025-10-25 13:12:19,555 - INFO - Unban response for 8112563810: {'ok': True, 'result': True}
2025-10-25 13:12:19,555 - INFO - [Auto Kick] User 8112563810 kicked successfully.
2025-10-25 13:13:54,091 - INFO - Generated invite link: https://t.me/+zuw0Z_QPZOw1YjRl
2025-10-25 13:13:54,094 - INFO - Subscribed user 7726663162 in users_collection
2025-10-25 13:13:54,096 - INFO - Mirrored subscribed user 7726663162 to log_collection
2025-10-25 13:13:55,871 - INFO - Sent message to 7726663162: {'ok': False, 'error_code': 400, 'description': 'Bad Request: chat not found'}
2025-10-25 13:14:11,606 - INFO - Received webhook update: {'update_id': 975866034, 'chat_join_request': {'chat': {'id': -1002669805977, 'title': 'Premium membership', 'type': 'supergroup'}, 'from': {'id': 8112563810, 'is_bot': False, 'first_name': 'Iqra', 'language_code': 'en'}, 'user_chat_id': 8112563810, 'date': 1761378253, 'invite_link': {'invite_link': 'https://t.me/+zuw0Z_QPZOw1YjRl', 'creator': {'id': 8258489863, 'is_bot': True, 'first_name': 'omkara_admin', 'username': 'omkara_admin_12_bot'}, 'expire_date': 1761983032, 'pending_join_request_count': 1, 'creates_join_request': True, 'is_primary': False, 'is_revoked': False}}}
2025-10-25 13:14:11,606 - INFO - Join request: chat_id=-1002669805977, user_id=8112563810, invite_link=https://t.me/+zuw0Z_QPZOw1YjRl
2025-10-25 13:14:11,608 - INFO - DB entry for invite_link https://t.me/+zuw0Z_QPZOw1YjRl: {'_id': ObjectId('68fc7fbac09c232083fe36da'), 'telegram_id': 7726663162, 'expiry_date': datetime.datetime(2025, 10, 26, 13, 13, 54, 93000), 'invite_link': 'https://t.me/+zuw0Z_QPZOw1YjRl', 'joined': False, 'phone': '+919759497912'}
2025-10-25 13:14:13,802 - INFO - Decline response: {'ok': True, 'result': True}
2025-10-25 13:14:20,545 - INFO - Sent message to 8112563810: {'ok': True, 'result': {'message_id': 69, 'from': {'id': 8258489863, 'is_bot': True, 'first_name': 'omkara_admin', 'username': 'omkara_admin_12_bot'}, 'chat': {'id': 8112563810, 'first_name': 'Iqra', 'type': 'private'}, 'date': 1761378262, 'text': '\u274c This invite link is not for your account. Request declined.'}}
2025-10-25 13:14:25,471 - INFO - Received webhook update: {'update_id': 975866035, 'chat_join_request': {'chat': {'id': -1002669805977, 'title': 'Premium membership', 'type': 'supergroup'}, 'from': {'id': 8307332619, 'is_bot': False, 'first_name': 'Azra', 'language_code': 'en'}, 'user_chat_id': 8307332619, 'date': 1761378267, 'invite_link': {'invite_link': 'https://t.me/+zuw0Z_QPZOw1YjRl', 'creator': {'id': 8258489863, 'is_bot': True, 'first_name': 'omkara_admin', 'username': 'omkara_admin_12_bot'}, 'expire_date': 1761983032, 'pending_join_request_count': 1, 'creates_join_request': True, 'is_primary': False, 'is_revoked': False}}}
2025-10-25 13:14:25,471 - INFO - Join request: chat_id=-1002669805977, user_id=8307332619, invite_link=https://t.me/+zuw0Z_QPZOw1YjRl
2025-10-25 13:14:25,473 - INFO - DB entry for invite_link https://t.me/+zuw0Z_QPZOw1YjRl: {'_id': ObjectId('68fc7fbac09c232083fe36da'), 'telegram_id': 7726663162, 'expiry_date': datetime.datetime(2025, 10, 26, 13, 13, 54, 93000), 'invite_link': 'https://t.me/+zuw0Z_QPZOw1YjRl', 'joined': False, 'phone': '+919759497912'}
2025-10-25 13:14:26,445 - INFO - Decline response: {'ok': True, 'result': True}
2025-10-25 13:14:27,497 - INFO - Sent message to 8307332619: {'ok': True, 'result': {'message_id': 70, 'from': {'id': 8258489863, 'is_bot': True, 'first_name': 'omkara_admin', 'username': 'omkara_admin_12_bot'}, 'chat': {'id': 8307332619, 'first_name': 'Azra', 'type': 'private'}, 'date': 1761378269, 'text': '\u274c This invite link is not for your account. Request declined.'}}
2025-10-25 13:14:52,085 - INFO - Received webhook update: {'update_id': 975866036, 'chat_join_request': {'chat': {'id': -1002669805977, 'title': 'Premium membership', 'type': 'supergroup'}, 'from': {'id': 7726663162, 'is_bot': False, 'first_name': 'Saqib', 'last_name': 'Malik', 'language_code': 'en'}, 'user_chat_id': 7726663162, 'date': 1761378293, 'invite_link': {'invite_link': 'https://t.me/+zuw0Z_QPZOw1YjRl', 'creator': {'id': 8258489863, 'is_bot': True, 'first_name': 'omkara_admin', 'username': 'omkara_admin_12_bot'}, 'expire_date': 1761983032, 'pending_join_request_count': 1, 'creates_join_request': True, 'is_primary': False, 'is_revoked': False}}}
2025-10-25 13:14:52,086 - INFO - Join request: chat_id=-1002669805977, user_id=7726663162, invite_link=https://t.me/+zuw0Z_QPZOw1YjRl
2025-10-25 13:14:52,088 - INFO - DB entry for invite_link https://t.me/+zuw0Z_QPZOw1YjRl: {'_id': ObjectId('68fc7fbac09c232083fe36da'), 'telegram_id': 7726663162, 'expiry_date': datetime.datetime(2025, 10, 26, 13, 13, 54, 93000), 'invite_link': 'https://t.me/+zuw0Z_QPZOw1YjRl', 'joined': False, 'phone': '+919759497912'}
2025-10-25 13:14:53,156 - INFO - Approve response: {'ok': True, 'result': True}
2025-10-25 13:14:53,292 - INFO - Marked user 7726663162 as joined in both collections
2025-10-25 13:14:54,273 - INFO - Revoke link response: {'ok': True, 'result': {'invite_link': 'https://t.me/+zuw0Z_QPZOw1YjRl', 'creator': {'id': 8258489863, 'is_bot': True, 'first_name': 'omkara_admin', 'username': 'omkara_admin_12_bot'}, 'expire_date': 1761983032, 'pending_join_request_count': 1, 'creates_join_request': True, 'is_primary': False, 'is_revoked': True}}
2025-10-25 13:14:56,659 - INFO - Sent message to 7726663162: {'ok': False, 'error_code': 403, 'description': "Forbidden: bot can't initiate conversation with a user"}
2025-10-25 13:14:56,874 - INFO - Received webhook update: {'update_id': 975866037, 'message': {'message_id': 270, 'from': {'id': 7726663162, 'is_bot': False, 'first_name': 'Saqib', 'last_name': 'Malik', 'language_code': 'en'}, 'chat': {'id': -1002669805977, 'title': 'Premium membership', 'type': 'supergroup'}, 'date': 1761378294, 'new_chat_participant': {'id': 7726663162, 'is_bot': False, 'first_name': 'Saqib', 'last_name': 'Malik', 'language_code': 'en'}, 'new_chat_member': {'id': 7726663162, 'is_bot': False, 'first_name': 'Saqib', 'last_name': 'Malik', 'language_code': 'en'}, 'new_chat_members': [{'id': 7726663162, 'is_bot': False, 'first_name': 'Saqib', 'last_name': 'Malik', 'language_code': 'en'}]}}
2025-10-25 13:15:35,490 - INFO - Kick response for 7726663162: {'ok': True, 'result': True}
2025-10-25 13:15:35,615 - INFO - Received webhook update: {'update_id': 975866038, 'message': {'message_id': 271, 'from': {'id': 8258489863, 'is_bot': True, 'first_name': 'omkara_admin', 'username': 'omkara_admin_12_bot'}, 'chat': {'id': -1002669805977, 'title': 'Premium membership', 'type': 'supergroup'}, 'date': 1761378337, 'left_chat_participant': {'id': 7726663162, 'is_bot': False, 'first_name': 'Saqib', 'last_name': 'Malik', 'language_code': 'en'}, 'left_chat_member': {'id': 7726663162, 'is_bot': False, 'first_name': 'Saqib', 'last_name': 'Malik', 'language_code': 'en'}}}
2025-10-25 13:15:37,424 - INFO - Unban response for 7726663162: {'ok': True, 'result': True}
2025-10-25 13:15:37,424 - INFO - [Auto Kick] User 7726663162 kicked successfully.
2025-10-25 13:16:50,251 - INFO - Generated invite link: https://t.me/+gaoXvPHrpUwwMjE1
2025-10-25 13:16:50,257 - INFO - Subscribed user 8307332619 in users_collection
2025-10-25 13:16:50,258 - INFO - Mirrored subscribed user 8307332619 to log_collection
2025-10-25 13:16:52,182 - INFO - Sent message to 8307332619: {'ok': True, 'result': {'message_id': 71, 'from': {'id': 8258489863, 'is_bot': True, 'first_name': 'omkara_admin', 'username': 'omkara_admin_12_bot'}, 'chat': {'id': 8307332619, 'first_name': 'Azra', 'type': 'private'}, 'date': 1761378413, 'text': 'Click here to join the group: https://t.me/ gaoXvPHrpUwwMjE1', 'entities': [{'offset': 30, 'length': 13, 'type': 'url'}]}}
2025-10-25 13:17:18,580 - INFO - Received webhook update: {'update_id': 975866039, 'chat_join_request': {'chat': {'id': -1002669805977, 'title': 'Premium membership', 'type': 'supergroup'}, 'from': {'id': 8307332619, 'is_bot': False, 'first_name': 'Azra', 'language_code': 'en'}, 'user_chat_id': 8307332619, 'date': 1761378440, 'invite_link': {'invite_link': 'https://t.me/+gaoXvPHrpUwwMjE1', 'creator': {'id': 8258489863, 'is_bot': True, 'first_name': 'omkara_admin', 'username': 'omkara_admin_12_bot'}, 'expire_date': 1761983207, 'pending_join_request_count': 1, 'creates_join_request': True, 'is_primary': False, 'is_revoked': False}}}
2025-10-25 13:17:18,580 - INFO - Join request: chat_id=-1002669805977, user_id=8307332619, invite_link=https://t.me/+gaoXvPHrpUwwMjE1
2025-10-25 13:17:18,582 - INFO - DB entry for invite_link https://t.me/+gaoXvPHrpUwwMjE1: {'_id': ObjectId('68fc806ac09c232083fe36dc'), 'telegram_id': 8307332619, 'expiry_date': datetime.datetime(2025, 10, 26, 13, 16, 50, 254000), 'invite_link': 'https://t.me/+gaoXvPHrpUwwMjE1', 'joined': False, 'phone': '+919897178705'}
2025-10-25 13:17:20,786 - INFO - Approve response: {'ok': True, 'result': True}
2025-10-25 13:17:20,791 - INFO - Marked user 8307332619 as joined in both collections
2025-10-25 13:17:21,938 - INFO - Revoke link response: {'ok': True, 'result': {'invite_link': 'https://t.me/+gaoXvPHrpUwwMjE1', 'creator': {'id': 8258489863, 'is_bot': True, 'first_name': 'omkara_admin', 'username': 'omkara_admin_12_bot'}, 'expire_date': 1761983207, 'pending_join_request_count': 1, 'creates_join_request': True, 'is_primary': False, 'is_revoked': True}}
2025-10-25 13:17:23,197 - INFO - Sent message to 8307332619: {'ok': True, 'result': {'message_id': 72, 'from': {'id': 8258489863, 'is_bot': True, 'first_name': 'omkara_admin', 'username': 'omkara_admin_12_bot'}, 'chat': {'id': 8307332619, 'first_name': 'Azra', 'type': 'private'}, 'date': 1761378444, 'text': '\U0001f389 Welcome! Your subscription is active.'}}
2025-10-25 13:17:23,405 - INFO - Received webhook update: {'update_id': 975866040, 'message': {'message_id': 272, 'from': {'id': 8307332619, 'is_bot': False, 'first_name': 'Azra', 'language_code': 'en'}, 'chat': {'id': -1002669805977, 'title': 'Premium membership', 'type': 'supergroup'}, 'date': 1761378442, 'new_chat_participant': {'id': 8307332619, 'is_bot': False, 'first_name': 'Azra', 'language_code': 'en'}, 'new_chat_member': {'id': 8307332619, 'is_bot': False, 'first_name': 'Azra', 'language_code': 'en'}, 'new_chat_members': [{'id': 8307332619, 'is_bot': False, 'first_name': 'Azra', 'language_code': 'en'}]}}
2025-10-25 13:17:32,669 - INFO - Received webhook update: {'update_id': 975866041, 'message': {'message_id': 273, 'from': {'id': 8307332619, 'is_bot': False, 'first_name': 'Azra', 'language_code': 'en'}, 'chat': {'id': -1002669805977, 'title': 'Premium membership', 'type': 'supergroup'}, 'date': 1761378454, 'text': 'Hi'}}
2025-10-25 13:17:54,837 - INFO - Extended plan for user 8307332619 in users_collection
2025-10-25 13:17:54,839 - INFO - Mirrored extended plan for user 8307332619 to log_collection
2025-10-25 13:17:57,303 - INFO - Sent message to 8307332619: {'ok': True, 'result': {'message_id': 73, 'from': {'id': 8258489863, 'is_bot': True, 'first_name': 'omkara_admin', 'username': 'omkara_admin_12_bot'}, 'chat': {'id': 8307332619, 'first_name': 'Azra', 'type': 'private'}, 'date': 1761378478, 'text': '\U0001f389 Your plan has been extended until 2025-10-28 13:16:50.254000'}}
2025-10-25 13:17:57,322 - INFO - Got difference for account updates
2025-10-25 13:18:20,000 - INFO - Disconnecting from 91.108.56.175:443/TcpFull...
2025-10-25 13:18:20,001 - INFO - Disconnection from 91.108.56.175:443/TcpFull complete!
2025-10-25 13:18:21,503 - INFO - Webhook delete response: {'ok': True, 'result': True, 'description': 'Webhook was deleted'}
